MIF/HEX Update report for SCOMP
Tue Apr 06 15:48:12 2021
Quartus Prime Version 19.1.0 Build 670 09/22/2019 SJ Lite Edition


---------------------
; Table of Contents ;
---------------------
  1. Legal Notice
  2. MIF/HEX Update Summary
  3. MIF/HEX Update Processed Files
  4. MIF/HEX Update Messages



----------------
; Legal Notice ;
----------------
Copyright (C) 2019  Intel Corporation. All rights reserved.
Your use of Intel Corporation's design tools, logic functions 
and other software and tools, and any partner logic 
functions, and any output files from any of the foregoing 
(including device programming or simulation files), and any 
associated documentation or information are expressly subject 
to the terms and conditions of the Intel Program License 
Subscription Agreement, the Intel Quartus Prime License Agreement,
the Intel FPGA IP License Agreement, or other applicable license
agreement, including, without limitation, that your use is for
the sole purpose of programming logic devices manufactured by
Intel and sold by Intel or its authorized distributors.  Please
refer to the applicable agreement for further details, at
https://fpgasoftware.intel.com/eula.



+---------------------------------------------------------------+
; MIF/HEX Update Summary                                        ;
+-----------------------+---------------------------------------+
; MIF/HEX Update Status ; Successful - Tue Apr 06 15:48:12 2021 ;
; Revision Name         ; SCOMP                                 ;
; Top-level Entity Name ; SCOMP_System                          ;
; Family                ; MAX 10                                ;
; Device                ; 10M50DAF484C7G                        ;
+-----------------------+---------------------------------------+


+-------------------------------------------------------------------+
; MIF/HEX Update Processed Files                                    ;
+-------------------------------------------------------------------+
; File Name                                                         ;
+-------------------------------------------------------------------+
; C:/Users/Hari/Documents/GitHub/MotorDecoderInterface/PWM_test.mif ;
+-------------------------------------------------------------------+


+-------------------------+
; MIF/HEX Update Messages ;
+-------------------------+
Info: *******************************************************************
Info: Running Quartus Prime MIF/HEX Update
    Info: Version 19.1.0 Build 670 09/22/2019 SJ Lite Edition
    Info: Processing started: Tue Apr 06 15:48:11 2021
Info: Command: quartus_cdb SCOMP -c SCOMP --update_mif
Warning (113031): 31 out of 2048 addresses are reinitialized. The latest initialized data will replace the existing data. There are 31 warnings found, and 10 warnings are reported. File: C:/Users/Hari/Documents/GitHub/MotorDecoderInterface/PWM_test.mif Line: 1
    Warning (113030): Memory Initialization File address 0 is reinitialized File: C:/Users/Hari/Documents/GitHub/MotorDecoderInterface/ Line: 13
    Warning (113030): Memory Initialization File address 1 is reinitialized File: C:/Users/Hari/Documents/GitHub/MotorDecoderInterface/ Line: 14
    Warning (113030): Memory Initialization File address 2 is reinitialized File: C:/Users/Hari/Documents/GitHub/MotorDecoderInterface/ Line: 15
    Warning (113030): Memory Initialization File address 3 is reinitialized File: C:/Users/Hari/Documents/GitHub/MotorDecoderInterface/ Line: 16
    Warning (113030): Memory Initialization File address 4 is reinitialized File: C:/Users/Hari/Documents/GitHub/MotorDecoderInterface/ Line: 17
    Warning (113030): Memory Initialization File address 5 is reinitialized File: C:/Users/Hari/Documents/GitHub/MotorDecoderInterface/ Line: 18
    Warning (113030): Memory Initialization File address 6 is reinitialized File: C:/Users/Hari/Documents/GitHub/MotorDecoderInterface/ Line: 19
    Warning (113030): Memory Initialization File address 7 is reinitialized File: C:/Users/Hari/Documents/GitHub/MotorDecoderInterface/ Line: 20
    Warning (113030): Memory Initialization File address 8 is reinitialized File: C:/Users/Hari/Documents/GitHub/MotorDecoderInterface/ Line: 21
    Warning (113030): Memory Initialization File address 9 is reinitialized File: C:/Users/Hari/Documents/GitHub/MotorDecoderInterface/ Line: 22
Info (39024): Processed the following Memory Initialization File(s)
    Info (39025): Processed Memory Initialization File C:/Users/Hari/Documents/GitHub/MotorDecoderInterface/PWM_test.mif File: C:/Users/Hari/Documents/GitHub/MotorDecoderInterface/PWM_test.mif Line: 0
Info: Quartus Prime MIF/HEX Update was successful. 0 errors, 11 warnings
    Info: Peak virtual memory: 4729 megabytes
    Info: Processing ended: Tue Apr 06 15:48:12 2021
    Info: Elapsed time: 00:00:01
    Info: Total CPU time (on all processors): 00:00:01


